[0.017s] Invoking command in '/home/prhayogo/Documents/swerve/build/swerve_controller': CMAKE_PREFIX_PATH=${CMAKE_PREFIX_PATH}:/opt/ros/jazzy DEBUGINFOD_URLS=https://debuginfod.ubuntu.com /usr/bin/cmake --build /home/prhayogo/Documents/swerve/build/swerve_controller -- -j16 -l16
[0.163s] [100%] Built target cmd_vel_to_swerve
[0.178s] Invoked command in '/home/prhayogo/Documents/swerve/build/swerve_controller' returned '0': CMAKE_PREFIX_PATH=${CMAKE_PREFIX_PATH}:/opt/ros/jazzy DEBUGINFOD_URLS=https://debuginfod.ubuntu.com /usr/bin/cmake --build /home/prhayogo/Documents/swerve/build/swerve_controller -- -j16 -l16
[0.190s] Invoking command in '/home/prhayogo/Documents/swerve/build/swerve_controller': CMAKE_PREFIX_PATH=${CMAKE_PREFIX_PATH}:/opt/ros/jazzy DEBUGINFOD_URLS=https://debuginfod.ubuntu.com /usr/bin/cmake --install /home/prhayogo/Documents/swerve/build/swerve_controller
[0.201s] -- Install configuration: ""
[0.201s] -- Up-to-date: /home/prhayogo/Documents/swerve/install/swerve_controller/lib/swerve_controller/cmd_vel_to_swerve
[0.201s] -- Up-to-date: /home/prhayogo/Documents/swerve/install/swerve_controller/share/swerve_controller/config
[0.201s] -- Up-to-date: /home/prhayogo/Documents/swerve/install/swerve_controller/share/swerve_controller/config/swerve_controllers.yaml
[0.201s] -- Up-to-date: /home/prhayogo/Documents/swerve/install/swerve_controller/share/swerve_controller/launch
[0.202s] -- Up-to-date: /home/prhayogo/Documents/swerve/install/swerve_controller/share/swerve_controller/launch/swerve_launch.py
[0.202s] -- Up-to-date: /home/prhayogo/Documents/swerve/install/swerve_controller/share/ament_index/resource_index/package_run_dependencies/swerve_controller
[0.202s] -- Up-to-date: /home/prhayogo/Documents/swerve/install/swerve_controller/share/ament_index/resource_index/parent_prefix_path/swerve_controller
[0.202s] -- Up-to-date: /home/prhayogo/Documents/swerve/install/swerve_controller/share/swerve_controller/environment/ament_prefix_path.sh
[0.202s] -- Up-to-date: /home/prhayogo/Documents/swerve/install/swerve_controller/share/swerve_controller/environment/ament_prefix_path.dsv
[0.202s] -- Up-to-date: /home/prhayogo/Documents/swerve/install/swerve_controller/share/swerve_controller/environment/path.sh
[0.202s] -- Up-to-date: /home/prhayogo/Documents/swerve/install/swerve_controller/share/swerve_controller/environment/path.dsv
[0.202s] -- Up-to-date: /home/prhayogo/Documents/swerve/install/swerve_controller/share/swerve_controller/local_setup.bash
[0.202s] -- Up-to-date: /home/prhayogo/Documents/swerve/install/swerve_controller/share/swerve_controller/local_setup.sh
[0.202s] -- Up-to-date: /home/prhayogo/Documents/swerve/install/swerve_controller/share/swerve_controller/local_setup.zsh
[0.202s] -- Up-to-date: /home/prhayogo/Documents/swerve/install/swerve_controller/share/swerve_controller/local_setup.dsv
[0.202s] -- Installing: /home/prhayogo/Documents/swerve/install/swerve_controller/share/swerve_controller/package.dsv
[0.202s] -- Up-to-date: /home/prhayogo/Documents/swerve/install/swerve_controller/share/ament_index/resource_index/packages/swerve_controller
[0.203s] -- Up-to-date: /home/prhayogo/Documents/swerve/install/swerve_controller/share/swerve_controller/cmake/swerve_controllerConfig.cmake
[0.203s] -- Up-to-date: /home/prhayogo/Documents/swerve/install/swerve_controller/share/swerve_controller/cmake/swerve_controllerConfig-version.cmake
[0.203s] -- Up-to-date: /home/prhayogo/Documents/swerve/install/swerve_controller/share/swerve_controller/package.xml
[0.204s] Invoked command in '/home/prhayogo/Documents/swerve/build/swerve_controller' returned '0': CMAKE_PREFIX_PATH=${CMAKE_PREFIX_PATH}:/opt/ros/jazzy DEBUGINFOD_URLS=https://debuginfod.ubuntu.com /usr/bin/cmake --install /home/prhayogo/Documents/swerve/build/swerve_controller
