[0.012s] Invoking command in '/home/prhayogo/Documents/swerve/build/swerve_controller': CMAKE_PREFIX_PATH=${CMAKE_PREFIX_PATH}:/home/prhayogo/Documents/maen_ws/install/micro_ros_setup:/home/prhayogo/Documents/maen_ws/install/micro_ros_msgs:/home/prhayogo/Documents/maen_ws/install/drive_base_msgs:/opt/ros/jazzy DEBUGINFOD_URLS=https://debuginfod.ubuntu.com /usr/bin/cmake /home/prhayogo/Documents/swerve/swerve_controller -DCMAKE_INSTALL_PREFIX=/home/prhayogo/Documents/swerve/install/swerve_controller
[0.068s] -- The C compiler identification is GNU 13.3.0
[0.119s] -- The CXX compiler identification is GNU 13.3.0
[0.136s] -- Detecting C compiler ABI info
[0.229s] -- Detecting C compiler ABI info - done
[0.236s] -- Check for working C compiler: /usr/bin/cc - skipped
[0.236s] -- Detecting C compile features
[0.237s] -- Detecting C compile features - done
[0.246s] -- Detecting CXX compiler ABI info
[0.350s] -- Detecting CXX compiler ABI info - done
[0.359s] -- Check for working CXX compiler: /usr/bin/c++ - skipped
[0.359s] -- Detecting CXX compile features
[0.359s] -- Detecting CXX compile features - done
[0.364s] -- Found ament_cmake: 2.5.6 (/opt/ros/jazzy/share/ament_cmake/cmake)
[0.512s] -- Found Python3: /usr/bin/python3 (found version "3.12.3") found components: Interpreter 
[0.634s] -- Found rclcpp: 28.1.18 (/opt/ros/jazzy/share/rclcpp/cmake)
[0.691s] -- Found rosidl_generator_c: 4.6.7 (/opt/ros/jazzy/share/rosidl_generator_c/cmake)
[0.709s] -- Found rosidl_generator_cpp: 4.6.7 (/opt/ros/jazzy/share/rosidl_generator_cpp/cmake)
[0.728s] -- Using all available rosidl_typesupport_c: rosidl_typesupport_fastrtps_c;rosidl_typesupport_introspection_c
[0.749s] -- Using all available rosidl_typesupport_cpp: rosidl_typesupport_fastrtps_cpp;rosidl_typesupport_introspection_cpp
[0.835s] -- Found rmw_implementation_cmake: 7.3.3 (/opt/ros/jazzy/share/rmw_implementation_cmake/cmake)
[0.840s] -- Found rmw_fastrtps_cpp: 8.4.3 (/opt/ros/jazzy/share/rmw_fastrtps_cpp/cmake)
[0.934s] -- Found OpenSSL: /usr/lib/x86_64-linux-gnu/libcrypto.so (found version "3.0.13")  
[0.955s] -- Found FastRTPS: /opt/ros/jazzy/include (Required is at least version "2.13") 
[0.977s] -- Using RMW implementation 'rmw_fastrtps_cpp' as default
[1.056s] -- Found geometry_msgs: 5.3.7 (/opt/ros/jazzy/share/geometry_msgs/cmake)
[1.090s] -- Found ament_lint_auto: 0.17.5 (/opt/ros/jazzy/share/ament_lint_auto/cmake)
[1.199s] -- Added test 'copyright' to check source files copyright and LICENSE
[1.200s] -- Added test 'cppcheck' to perform static code analysis on C / C++ code
[1.200s] -- Configured cppcheck include dirs: 
[1.200s] -- Configured cppcheck exclude dirs and/or files: 
[1.203s] -- Added test 'cpplint' to check C / C++ code against the Google style
[1.203s] -- Configured cpplint exclude dirs and/or files: 
[1.203s] -- Added test 'flake8' to check Python code syntax and style conventions
[1.203s] -- Configured 'flake8' exclude dirs and/or files: 
[1.203s] -- Added test 'lint_cmake' to check CMake code style
[1.203s] -- Added test 'pep257' to check Python code against some of the docstring style conventions in PEP 257
[1.204s] -- Added test 'uncrustify' to check C / C++ code style
[1.205s] -- Configured uncrustify additional arguments: 
[1.205s] -- Added test 'xmllint' to check XML markup files
[1.207s] -- Configuring done (1.2s)
[1.217s] -- Generating done (0.0s)
[1.221s] -- Build files have been written to: /home/prhayogo/Documents/swerve/build/swerve_controller
[1.231s] Invoked command in '/home/prhayogo/Documents/swerve/build/swerve_controller' returned '0': CMAKE_PREFIX_PATH=${CMAKE_PREFIX_PATH}:/home/prhayogo/Documents/maen_ws/install/micro_ros_setup:/home/prhayogo/Documents/maen_ws/install/micro_ros_msgs:/home/prhayogo/Documents/maen_ws/install/drive_base_msgs:/opt/ros/jazzy DEBUGINFOD_URLS=https://debuginfod.ubuntu.com /usr/bin/cmake /home/prhayogo/Documents/swerve/swerve_controller -DCMAKE_INSTALL_PREFIX=/home/prhayogo/Documents/swerve/install/swerve_controller
[1.232s] Invoking command in '/home/prhayogo/Documents/swerve/build/swerve_controller': CMAKE_PREFIX_PATH=${CMAKE_PREFIX_PATH}:/home/prhayogo/Documents/maen_ws/install/micro_ros_setup:/home/prhayogo/Documents/maen_ws/install/micro_ros_msgs:/home/prhayogo/Documents/maen_ws/install/drive_base_msgs:/opt/ros/jazzy DEBUGINFOD_URLS=https://debuginfod.ubuntu.com /usr/bin/cmake --build /home/prhayogo/Documents/swerve/build/swerve_controller -- -j16 -l16
[1.293s] [ 50%] [32mBuilding CXX object CMakeFiles/cmd_vel_to_swerve.dir/src/cmd_vel_to_swerve.cpp.o[0m
[4.522s] [100%] [32m[1mLinking CXX executable cmd_vel_to_swerve[0m
[4.674s] [100%] Built target cmd_vel_to_swerve
[4.686s] Invoked command in '/home/prhayogo/Documents/swerve/build/swerve_controller' returned '0': CMAKE_PREFIX_PATH=${CMAKE_PREFIX_PATH}:/home/prhayogo/Documents/maen_ws/install/micro_ros_setup:/home/prhayogo/Documents/maen_ws/install/micro_ros_msgs:/home/prhayogo/Documents/maen_ws/install/drive_base_msgs:/opt/ros/jazzy DEBUGINFOD_URLS=https://debuginfod.ubuntu.com /usr/bin/cmake --build /home/prhayogo/Documents/swerve/build/swerve_controller -- -j16 -l16
[4.698s] Invoking command in '/home/prhayogo/Documents/swerve/build/swerve_controller': CMAKE_PREFIX_PATH=${CMAKE_PREFIX_PATH}:/home/prhayogo/Documents/maen_ws/install/micro_ros_setup:/home/prhayogo/Documents/maen_ws/install/micro_ros_msgs:/home/prhayogo/Documents/maen_ws/install/drive_base_msgs:/opt/ros/jazzy DEBUGINFOD_URLS=https://debuginfod.ubuntu.com /usr/bin/cmake --install /home/prhayogo/Documents/swerve/build/swerve_controller
[4.707s] -- Install configuration: ""
[4.707s] -- Installing: /home/prhayogo/Documents/swerve/install/swerve_controller/lib/swerve_controller/cmd_vel_to_swerve
[4.708s] -- Set non-toolchain portion of runtime path of "/home/prhayogo/Documents/swerve/install/swerve_controller/lib/swerve_controller/cmd_vel_to_swerve" to ""
[4.708s] -- Installing: /home/prhayogo/Documents/swerve/install/swerve_controller/share/swerve_controller/config
[4.708s] -- Installing: /home/prhayogo/Documents/swerve/install/swerve_controller/share/swerve_controller/config/swerve_controllers.yaml
[4.708s] -- Installing: /home/prhayogo/Documents/swerve/install/swerve_controller/share/swerve_controller/launch
[4.709s] -- Installing: /home/prhayogo/Documents/swerve/install/swerve_controller/share/swerve_controller/launch/swerve_launch.py
[4.709s] -- Installing: /home/prhayogo/Documents/swerve/install/swerve_controller/share/ament_index/resource_index/package_run_dependencies/swerve_controller
[4.709s] -- Installing: /home/prhayogo/Documents/swerve/install/swerve_controller/share/ament_index/resource_index/parent_prefix_path/swerve_controller
[4.709s] -- Installing: /home/prhayogo/Documents/swerve/install/swerve_controller/share/swerve_controller/environment/ament_prefix_path.sh
[4.709s] -- Installing: /home/prhayogo/Documents/swerve/install/swerve_controller/share/swerve_controller/environment/ament_prefix_path.dsv
[4.710s] -- Installing: /home/prhayogo/Documents/swerve/install/swerve_controller/share/swerve_controller/environment/path.sh
[4.710s] -- Installing: /home/prhayogo/Documents/swerve/install/swerve_controller/share/swerve_controller/environment/path.dsv
[4.710s] -- Installing: /home/prhayogo/Documents/swerve/install/swerve_controller/share/swerve_controller/local_setup.bash
[4.710s] -- Installing: /home/prhayogo/Documents/swerve/install/swerve_controller/share/swerve_controller/local_setup.sh
[4.711s] -- Installing: /home/prhayogo/Documents/swerve/install/swerve_controller/share/swerve_controller/local_setup.zsh
[4.712s] -- Installing: /home/prhayogo/Documents/swerve/install/swerve_controller/share/swerve_controller/local_setup.dsv
[4.712s] -- Installing: /home/prhayogo/Documents/swerve/install/swerve_controller/share/swerve_controller/package.dsv
[4.713s] -- Installing: /home/prhayogo/Documents/swerve/install/swerve_controller/share/ament_index/resource_index/packages/swerve_controller
[4.713s] -- Installing: /home/prhayogo/Documents/swerve/install/swerve_controller/share/swerve_controller/cmake/swerve_controllerConfig.cmake
[4.713s] -- Installing: /home/prhayogo/Documents/swerve/install/swerve_controller/share/swerve_controller/cmake/swerve_controllerConfig-version.cmake
[4.713s] -- Installing: /home/prhayogo/Documents/swerve/install/swerve_controller/share/swerve_controller/package.xml
[4.715s] Invoked command in '/home/prhayogo/Documents/swerve/build/swerve_controller' returned '0': CMAKE_PREFIX_PATH=${CMAKE_PREFIX_PATH}:/home/prhayogo/Documents/maen_ws/install/micro_ros_setup:/home/prhayogo/Documents/maen_ws/install/micro_ros_msgs:/home/prhayogo/Documents/maen_ws/install/drive_base_msgs:/opt/ros/jazzy DEBUGINFOD_URLS=https://debuginfod.ubuntu.com /usr/bin/cmake --install /home/prhayogo/Documents/swerve/build/swerve_controller
