[01m[K/home/prhayogo/Documents/swerve/swerve_controller/src/cmd_vel_to_swerve.cpp:[m[K In member function ‘[01m[Kvoid CmdVelToSwerve::[01;32m[KcmdVelCallback[m[K(geometry_msgs::msg::Twist_<std::allocator<void> >::SharedPtr)[m[K’:
[01m[K/home/prhayogo/Documents/swerve/swerve_controller/src/cmd_vel_to_swerve.cpp:93:7:[m[K [01;31m[Kerror: [m[K‘[01m[Ksteer_pub_1[m[K’ was not declared in this scope; did you mean ‘[01m[Ksteer_pubs_[m[K’?
   93 |       [01;31m[Ksteer_pub_1[m[K->publish(steer_msg);
      |       [01;31m[K^~~~~~~~~~~[m[K
      |       [32m[Ksteer_pubs_[m[K
[01m[K/home/prhayogo/Documents/swerve/swerve_controller/src/cmd_vel_to_swerve.cpp:96:7:[m[K [01;31m[Kerror: [m[K‘[01m[Ksteer_pub_2[m[K’ was not declared in this scope; did you mean ‘[01m[Ksteer_pubs_[m[K’?
   96 |       [01;31m[Ksteer_pub_2[m[K->publish(steer_msg);
      |       [01;31m[K^~~~~~~~~~~[m[K
      |       [32m[Ksteer_pubs_[m[K
[01m[K/home/prhayogo/Documents/swerve/swerve_controller/src/cmd_vel_to_swerve.cpp:99:7:[m[K [01;31m[Kerror: [m[K‘[01m[Ksteer_pub_3[m[K’ was not declared in this scope; did you mean ‘[01m[Ksteer_pubs_[m[K’?
   99 |       [01;31m[Ksteer_pub_3[m[K->publish(steer_msg);
      |       [01;31m[K^~~~~~~~~~~[m[K
      |       [32m[Ksteer_pubs_[m[K
[01m[K/home/prhayogo/Documents/swerve/swerve_controller/src/cmd_vel_to_swerve.cpp:103:7:[m[K [01;31m[Kerror: [m[K‘[01m[Kwheel_pub_1[m[K’ was not declared in this scope; did you mean ‘[01m[Kwheel_pubs_[m[K’?
  103 |       [01;31m[Kwheel_pub_1[m[K->publish(wheel_msg);
      |       [01;31m[K^~~~~~~~~~~[m[K
      |       [32m[Kwheel_pubs_[m[K
[01m[K/home/prhayogo/Documents/swerve/swerve_controller/src/cmd_vel_to_swerve.cpp:106:7:[m[K [01;31m[Kerror: [m[K‘[01m[Kwheel_pub_2[m[K’ was not declared in this scope; did you mean ‘[01m[Kwheel_pubs_[m[K’?
  106 |       [01;31m[Kwheel_pub_2[m[K->publish(wheel_msg);
      |       [01;31m[K^~~~~~~~~~~[m[K
      |       [32m[Kwheel_pubs_[m[K
[01m[K/home/prhayogo/Documents/swerve/swerve_controller/src/cmd_vel_to_swerve.cpp:107:7:[m[K [01;31m[Kerror: [m[K‘[01m[Kwheel_pub_3[m[K’ was not declared in this scope; did you mean ‘[01m[Kwheel_pubs_[m[K’?
  107 |       [01;31m[Kwheel_pub_3[m[K->publish(wheel_msg);
      |       [01;31m[K^~~~~~~~~~~[m[K
      |       [32m[Kwheel_pubs_[m[K
[01m[K/home/prhayogo/Documents/swerve/swerve_controller/src/cmd_vel_to_swerve.cpp:64:14:[m[K [01;35m[Kwarning: [m[Kunused variable ‘[01m[Kangle[m[K’ [[01;35m[K]8;;https://gcc.gnu.org/onlinedocs/gcc/Warning-Options.html#index-Wunused-variable-Wunused-variable]8;;[m[K]
   64 |       double [01;35m[Kangle[m[K = std::atan2(vy_m, vx_m);
      |              [01;35m[K^~~~~[m[K
[01m[K/home/prhayogo/Documents/swerve/swerve_controller/src/cmd_vel_to_swerve.cpp:79:14:[m[K [01;35m[Kwarning: [m[Kunused variable ‘[01m[Kspeed[m[K’ [[01;35m[K]8;;https://gcc.gnu.org/onlinedocs/gcc/Warning-Options.html#index-Wunused-variable-Wunused-variable]8;;[m[K]
   79 |       double [01;35m[Kspeed[m[K = std::sqrt(vx_m * vx_m + vy_m * vy_m) / 0.05;
      |              [01;35m[K^~~~~[m[K
gmake[2]: *** [CMakeFiles/cmd_vel_to_swerve.dir/build.make:76: CMakeFiles/cmd_vel_to_swerve.dir/src/cmd_vel_to_swerve.cpp.o] Error 1
gmake[1]: *** [CMakeFiles/Makefile2:137: CMakeFiles/cmd_vel_to_swerve.dir/all] Error 2
gmake: *** [Makefile:146: all] Error 2
