[0.023s] Invoking command in '/home/prhayogo/Documents/swerve/build/swerve_controller': CMAKE_PREFIX_PATH=${CMAKE_PREFIX_PATH}:/home/prhayogo/Documents/maen_ws/install/micro_ros_setup:/home/prhayogo/Documents/maen_ws/install/micro_ros_msgs:/home/prhayogo/Documents/maen_ws/install/drive_base_msgs:/opt/ros/jazzy DEBUGINFOD_URLS=https://debuginfod.ubuntu.com /usr/bin/cmake --build /home/prhayogo/Documents/swerve/build/swerve_controller -- -j16 -l16
[0.158s] [ 50%] [32mBuilding CXX object CMakeFiles/cmd_vel_to_swerve.dir/src/cmd_vel_to_swerve.cpp.o[0m
[2.131s] [01m[K/home/prhayogo/Documents/swerve/swerve_controller/src/cmd_vel_to_swerve.cpp:[m[K In member function ‘[01m[Kvoid CmdVelToSwerve::[01;32m[KcmdVelCallback[m[K(geometry_msgs::msg::Twist_<std::allocator<void> >::SharedPtr)[m[K’:
[2.131s] [01m[K/home/prhayogo/Documents/swerve/swerve_controller/src/cmd_vel_to_swerve.cpp:93:7:[m[K [01;31m[Kerror: [m[K‘[01m[Ksteer_pub_1[m[K’ was not declared in this scope; did you mean ‘[01m[Ksteer_pubs_[m[K’?
[2.132s]    93 |       [01;31m[Ksteer_pub_1[m[K->publish(steer_msg);
[2.132s]       |       [01;31m[K^~~~~~~~~~~[m[K
[2.132s]       |       [32m[Ksteer_pubs_[m[K
[2.136s] [01m[K/home/prhayogo/Documents/swerve/swerve_controller/src/cmd_vel_to_swerve.cpp:96:7:[m[K [01;31m[Kerror: [m[K‘[01m[Ksteer_pub_2[m[K’ was not declared in this scope; did you mean ‘[01m[Ksteer_pubs_[m[K’?
[2.136s]    96 |       [01;31m[Ksteer_pub_2[m[K->publish(steer_msg);
[2.136s]       |       [01;31m[K^~~~~~~~~~~[m[K
[2.136s]       |       [32m[Ksteer_pubs_[m[K
[2.140s] [01m[K/home/prhayogo/Documents/swerve/swerve_controller/src/cmd_vel_to_swerve.cpp:99:7:[m[K [01;31m[Kerror: [m[K‘[01m[Ksteer_pub_3[m[K’ was not declared in this scope; did you mean ‘[01m[Ksteer_pubs_[m[K’?
[2.140s]    99 |       [01;31m[Ksteer_pub_3[m[K->publish(steer_msg);
[2.140s]       |       [01;31m[K^~~~~~~~~~~[m[K
[2.140s]       |       [32m[Ksteer_pubs_[m[K
[2.145s] [01m[K/home/prhayogo/Documents/swerve/swerve_controller/src/cmd_vel_to_swerve.cpp:103:7:[m[K [01;31m[Kerror: [m[K‘[01m[Kwheel_pub_1[m[K’ was not declared in this scope; did you mean ‘[01m[Kwheel_pubs_[m[K’?
[2.145s]   103 |       [01;31m[Kwheel_pub_1[m[K->publish(wheel_msg);
[2.145s]       |       [01;31m[K^~~~~~~~~~~[m[K
[2.145s]       |       [32m[Kwheel_pubs_[m[K
[2.149s] [01m[K/home/prhayogo/Documents/swerve/swerve_controller/src/cmd_vel_to_swerve.cpp:106:7:[m[K [01;31m[Kerror: [m[K‘[01m[Kwheel_pub_2[m[K’ was not declared in this scope; did you mean ‘[01m[Kwheel_pubs_[m[K’?
[2.149s]   106 |       [01;31m[Kwheel_pub_2[m[K->publish(wheel_msg);
[2.149s]       |       [01;31m[K^~~~~~~~~~~[m[K
[2.149s]       |       [32m[Kwheel_pubs_[m[K
[2.153s] [01m[K/home/prhayogo/Documents/swerve/swerve_controller/src/cmd_vel_to_swerve.cpp:107:7:[m[K [01;31m[Kerror: [m[K‘[01m[Kwheel_pub_3[m[K’ was not declared in this scope; did you mean ‘[01m[Kwheel_pubs_[m[K’?
[2.153s]   107 |       [01;31m[Kwheel_pub_3[m[K->publish(wheel_msg);
[2.154s]       |       [01;31m[K^~~~~~~~~~~[m[K
[2.154s]       |       [32m[Kwheel_pubs_[m[K
[2.154s] [01m[K/home/prhayogo/Documents/swerve/swerve_controller/src/cmd_vel_to_swerve.cpp:64:14:[m[K [01;35m[Kwarning: [m[Kunused variable ‘[01m[Kangle[m[K’ [[01;35m[K]8;;https://gcc.gnu.org/onlinedocs/gcc/Warning-Options.html#index-Wunused-variable-Wunused-variable]8;;[m[K]
[2.154s]    64 |       double [01;35m[Kangle[m[K = std::atan2(vy_m, vx_m);
[2.154s]       |              [01;35m[K^~~~~[m[K
[2.154s] [01m[K/home/prhayogo/Documents/swerve/swerve_controller/src/cmd_vel_to_swerve.cpp:79:14:[m[K [01;35m[Kwarning: [m[Kunused variable ‘[01m[Kspeed[m[K’ [[01;35m[K]8;;https://gcc.gnu.org/onlinedocs/gcc/Warning-Options.html#index-Wunused-variable-Wunused-variable]8;;[m[K]
[2.154s]    79 |       double [01;35m[Kspeed[m[K = std::sqrt(vx_m * vx_m + vy_m * vy_m) / 0.05;
[2.154s]       |              [01;35m[K^~~~~[m[K
[4.279s] gmake[2]: *** [CMakeFiles/cmd_vel_to_swerve.dir/build.make:76: CMakeFiles/cmd_vel_to_swerve.dir/src/cmd_vel_to_swerve.cpp.o] Error 1
[4.279s] gmake[1]: *** [CMakeFiles/Makefile2:137: CMakeFiles/cmd_vel_to_swerve.dir/all] Error 2
[4.280s] gmake: *** [Makefile:146: all] Error 2
[4.284s] Invoked command in '/home/prhayogo/Documents/swerve/build/swerve_controller' returned '2': CMAKE_PREFIX_PATH=${CMAKE_PREFIX_PATH}:/home/prhayogo/Documents/maen_ws/install/micro_ros_setup:/home/prhayogo/Documents/maen_ws/install/micro_ros_msgs:/home/prhayogo/Documents/maen_ws/install/drive_base_msgs:/opt/ros/jazzy DEBUGINFOD_URLS=https://debuginfod.ubuntu.com /usr/bin/cmake --build /home/prhayogo/Documents/swerve/build/swerve_controller -- -j16 -l16
