[0.131s] DEBUG:colcon:Command line arguments: ['/usr/bin/colcon', 'build', '--packages-select', 'swerve_controller']
[0.131s] DEBUG:colcon:Parsed command line arguments: Namespace(log_base=None, log_level=None, verb_name='build', build_base='build', install_base='install', merge_install=False, symlink_install=False, test_result_base=None, continue_on_error=False, executor='parallel', parallel_workers=16, event_handlers=None, ignore_user_meta=False, metas=['./colcon.meta'], base_paths=['.'], packages_ignore=None, packages_ignore_regex=None, paths=None, packages_up_to=None, packages_up_to_regex=None, packages_above=None, packages_above_and_dependencies=None, packages_above_depth=None, packages_select_by_dep=None, packages_skip_by_dep=None, packages_skip_up_to=None, packages_select_build_failed=False, packages_skip_build_finished=False, packages_select_test_failures=False, packages_skip_test_passed=False, packages_select=['swerve_controller'], packages_skip=None, packages_select_regex=None, packages_skip_regex=None, packages_start=None, packages_end=None, cmake_args=None, cmake_target=None, cmake_target_skip_unavailable=False, cmake_clean_cache=False, cmake_clean_first=False, cmake_force_configure=False, ament_cmake_args=None, catkin_cmake_args=None, catkin_skip_building_tests=False, verb_parser=<colcon_defaults.argument_parser.defaults.DefaultArgumentsDecorator object at 0x77674152c5c0>, verb_extension=<colcon_core.verb.build.BuildVerb object at 0x77674152c050>, main=<bound method BuildVerb.main of <colcon_core.verb.build.BuildVerb object at 0x77674152c050>>)
[0.189s] Level 1:colcon.colcon_core.package_discovery:discover_packages(colcon_meta) check parameters
[0.189s] Level 1:colcon.colcon_core.package_discovery:discover_packages(recursive) check parameters
[0.189s] Level 1:colcon.colcon_core.package_discovery:discover_packages(ignore) check parameters
[0.189s] Level 1:colcon.colcon_core.package_discovery:discover_packages(path) check parameters
[0.189s] Level 1:colcon.colcon_core.package_discovery:discover_packages(colcon_meta) discover
[0.189s] Level 1:colcon.colcon_core.package_discovery:discover_packages(recursive) discover
[0.189s] INFO:colcon.colcon_core.package_discovery:Crawling recursively for packages in '/home/prhayogo/Documents/swerve'
[0.189s] Level 1:colcon.colcon_core.package_identification:_identify(.) by extensions ['ignore', 'ignore_ament_install']
[0.190s] Level 1:colcon.colcon_core.package_identification:_identify(.) by extension 'ignore'
[0.190s] Level 1:colcon.colcon_core.package_identification:_identify(.) by extension 'ignore_ament_install'
[0.190s] Level 1:colcon.colcon_core.package_identification:_identify(.) by extensions ['colcon_pkg']
[0.190s] Level 1:colcon.colcon_core.package_identification:_identify(.) by extension 'colcon_pkg'
[0.190s] Level 1:colcon.colcon_core.package_identification:_identify(.) by extensions ['colcon_meta']
[0.190s] Level 1:colcon.colcon_core.package_identification:_identify(.) by extension 'colcon_meta'
[0.190s] Level 1:colcon.colcon_core.package_identification:_identify(.) by extensions ['ros']
[0.190s] Level 1:colcon.colcon_core.package_identification:_identify(.) by extension 'ros'
[0.221s] Level 1:colcon.colcon_core.package_identification:_identify(.) by extensions ['cmake', 'python']
[0.221s] Level 1:colcon.colcon_core.package_identification:_identify(.) by extension 'cmake'
[0.222s] Level 1:colcon.colcon_core.package_identification:_identify(.) by extension 'python'
[0.222s] Level 1:colcon.colcon_core.package_identification:_identify(.) by extensions ['python_setup_py']
[0.222s] Level 1:colcon.colcon_core.package_identification:_identify(.) by extension 'python_setup_py'
[0.222s] Level 1:colcon.colcon_core.package_identification:_identify(build) by extensions ['ignore', 'ignore_ament_install']
[0.222s] Level 1:colcon.colcon_core.package_identification:_identify(build) by extension 'ignore'
[0.222s] Level 1:colcon.colcon_core.package_identification:_identify(build) ignored
[0.222s] Level 1:colcon.colcon_core.package_identification:_identify(install) by extensions ['ignore', 'ignore_ament_install']
[0.222s] Level 1:colcon.colcon_core.package_identification:_identify(install) by extension 'ignore'
[0.222s] Level 1:colcon.colcon_core.package_identification:_identify(install) ignored
[0.222s] Level 1:colcon.colcon_core.package_identification:_identify(log) by extensions ['ignore', 'ignore_ament_install']
[0.222s] Level 1:colcon.colcon_core.package_identification:_identify(log) by extension 'ignore'
[0.222s] Level 1:colcon.colcon_core.package_identification:_identify(log) ignored
[0.223s] Level 1:colcon.colcon_core.package_identification:_identify(swerve_controller) by extensions ['ignore', 'ignore_ament_install']
[0.223s] Level 1:colcon.colcon_core.package_identification:_identify(swerve_controller) by extension 'ignore'
[0.223s] Level 1:colcon.colcon_core.package_identification:_identify(swerve_controller) by extension 'ignore_ament_install'
[0.223s] Level 1:colcon.colcon_core.package_identification:_identify(swerve_controller) by extensions ['colcon_pkg']
[0.223s] Level 1:colcon.colcon_core.package_identification:_identify(swerve_controller) by extension 'colcon_pkg'
[0.223s] Level 1:colcon.colcon_core.package_identification:_identify(swerve_controller) by extensions ['colcon_meta']
[0.223s] Level 1:colcon.colcon_core.package_identification:_identify(swerve_controller) by extension 'colcon_meta'
[0.223s] Level 1:colcon.colcon_core.package_identification:_identify(swerve_controller) by extensions ['ros']
[0.223s] Level 1:colcon.colcon_core.package_identification:_identify(swerve_controller) by extension 'ros'
[0.226s] DEBUG:colcon.colcon_core.package_identification:Package 'swerve_controller' with type 'ros.ament_cmake' and name 'swerve_controller'
[0.226s] Level 1:colcon.colcon_core.package_discovery:discover_packages(recursive) using defaults
[0.227s] Level 1:colcon.colcon_core.package_discovery:discover_packages(ignore) discover
[0.227s] Level 1:colcon.colcon_core.package_discovery:discover_packages(ignore) using defaults
[0.227s] Level 1:colcon.colcon_core.package_discovery:discover_packages(path) discover
[0.227s] Level 1:colcon.colcon_core.package_discovery:discover_packages(path) using defaults
[0.252s] Level 5:colcon.colcon_core.verb:set package 'swerve_controller' build argument 'cmake_args' from command line to 'None'
[0.252s] Level 5:colcon.colcon_core.verb:set package 'swerve_controller' build argument 'cmake_target' from command line to 'None'
[0.252s] Level 5:colcon.colcon_core.verb:set package 'swerve_controller' build argument 'cmake_target_skip_unavailable' from command line to 'False'
[0.252s] Level 5:colcon.colcon_core.verb:set package 'swerve_controller' build argument 'cmake_clean_cache' from command line to 'False'
[0.252s] Level 5:colcon.colcon_core.verb:set package 'swerve_controller' build argument 'cmake_clean_first' from command line to 'False'
[0.252s] Level 5:colcon.colcon_core.verb:set package 'swerve_controller' build argument 'cmake_force_configure' from command line to 'False'
[0.252s] Level 5:colcon.colcon_core.verb:set package 'swerve_controller' build argument 'ament_cmake_args' from command line to 'None'
[0.252s] Level 5:colcon.colcon_core.verb:set package 'swerve_controller' build argument 'catkin_cmake_args' from command line to 'None'
[0.252s] Level 5:colcon.colcon_core.verb:set package 'swerve_controller' build argument 'catkin_skip_building_tests' from command line to 'False'
[0.252s] DEBUG:colcon.colcon_core.verb:Building package 'swerve_controller' with the following arguments: {'ament_cmake_args': None, 'build_base': '/home/prhayogo/Documents/swerve/build/swerve_controller', 'catkin_cmake_args': None, 'catkin_skip_building_tests': False, 'cmake_args': None, 'cmake_clean_cache': False, 'cmake_clean_first': False, 'cmake_force_configure': False, 'cmake_target': None, 'cmake_target_skip_unavailable': False, 'install_base': '/home/prhayogo/Documents/swerve/install/swerve_controller', 'merge_install': False, 'path': '/home/prhayogo/Documents/swerve/swerve_controller', 'symlink_install': False, 'test_result_base': None}
[0.252s] INFO:colcon.colcon_core.executor:Executing jobs using 'parallel' executor
[0.253s] DEBUG:colcon.colcon_parallel_executor.executor.parallel:run_until_complete
[0.253s] INFO:colcon.colcon_ros.task.ament_cmake.build:Building ROS package in '/home/prhayogo/Documents/swerve/swerve_controller' with build type 'ament_cmake'
[0.254s] INFO:colcon.colcon_cmake.task.cmake.build:Building CMake package in '/home/prhayogo/Documents/swerve/swerve_controller'
[0.258s] INFO:colcon.colcon_core.plugin_system:Skipping extension 'colcon_core.shell.bat': Not used on non-Windows systems
[0.258s] DEBUG:colcon.colcon_core.shell:Skip shell extension 'dsv' for command environment
[0.282s] DEBUG:colcon.colcon_core.event_handler.log_command:Invoking command in '/home/prhayogo/Documents/swerve/build/swerve_controller': CMAKE_PREFIX_PATH=${CMAKE_PREFIX_PATH}:/home/prhayogo/Documents/maen_ws/install/micro_ros_setup:/home/prhayogo/Documents/maen_ws/install/micro_ros_msgs:/home/prhayogo/Documents/maen_ws/install/drive_base_msgs:/opt/ros/jazzy DEBUGINFOD_URLS=https://debuginfod.ubuntu.com /usr/bin/cmake --build /home/prhayogo/Documents/swerve/build/swerve_controller -- -j16 -l16
[7.931s] DEBUG:colcon.colcon_core.event_handler.log_command:Invoked command in '/home/prhayogo/Documents/swerve/build/swerve_controller' returned '0': CMAKE_PREFIX_PATH=${CMAKE_PREFIX_PATH}:/home/prhayogo/Documents/maen_ws/install/micro_ros_setup:/home/prhayogo/Documents/maen_ws/install/micro_ros_msgs:/home/prhayogo/Documents/maen_ws/install/drive_base_msgs:/opt/ros/jazzy DEBUGINFOD_URLS=https://debuginfod.ubuntu.com /usr/bin/cmake --build /home/prhayogo/Documents/swerve/build/swerve_controller -- -j16 -l16
[7.947s] DEBUG:colcon.colcon_core.event_handler.log_command:Invoking command in '/home/prhayogo/Documents/swerve/build/swerve_controller': CMAKE_PREFIX_PATH=${CMAKE_PREFIX_PATH}:/home/prhayogo/Documents/maen_ws/install/micro_ros_setup:/home/prhayogo/Documents/maen_ws/install/micro_ros_msgs:/home/prhayogo/Documents/maen_ws/install/drive_base_msgs:/opt/ros/jazzy DEBUGINFOD_URLS=https://debuginfod.ubuntu.com /usr/bin/cmake --install /home/prhayogo/Documents/swerve/build/swerve_controller
[7.969s] Level 1:colcon.colcon_core.environment:create_environment_scripts_only(swerve_controller)
[7.970s] DEBUG:colcon.colcon_core.event_handler.log_command:Invoked command in '/home/prhayogo/Documents/swerve/build/swerve_controller' returned '0': CMAKE_PREFIX_PATH=${CMAKE_PREFIX_PATH}:/home/prhayogo/Documents/maen_ws/install/micro_ros_setup:/home/prhayogo/Documents/maen_ws/install/micro_ros_msgs:/home/prhayogo/Documents/maen_ws/install/drive_base_msgs:/opt/ros/jazzy DEBUGINFOD_URLS=https://debuginfod.ubuntu.com /usr/bin/cmake --install /home/prhayogo/Documents/swerve/build/swerve_controller
[7.975s] Level 1:colcon.colcon_core.environment:checking '/home/prhayogo/Documents/swerve/install/swerve_controller' for CMake module files
[7.976s] Level 1:colcon.colcon_core.environment:checking '/home/prhayogo/Documents/swerve/install/swerve_controller' for CMake config files
[7.976s] Level 1:colcon.colcon_core.shell:create_environment_hook('swerve_controller', 'cmake_prefix_path')
[7.976s] INFO:colcon.colcon_core.shell:Creating environment descriptor '/home/prhayogo/Documents/swerve/install/swerve_controller/share/swerve_controller/hook/cmake_prefix_path.dsv'
[7.977s] INFO:colcon.colcon_core.shell:Creating environment hook '/home/prhayogo/Documents/swerve/install/swerve_controller/share/swerve_controller/hook/cmake_prefix_path.sh'
[7.978s] Level 1:colcon.colcon_core.environment:checking '/home/prhayogo/Documents/swerve/install/swerve_controller/lib'
[7.978s] Level 1:colcon.colcon_core.environment:checking '/home/prhayogo/Documents/swerve/install/swerve_controller/bin'
[7.978s] Level 1:colcon.colcon_core.environment:checking '/home/prhayogo/Documents/swerve/install/swerve_controller/lib/pkgconfig/swerve_controller.pc'
[7.981s] Level 1:colcon.colcon_core.environment:checking '/home/prhayogo/Documents/swerve/install/swerve_controller/lib/python3.12/site-packages'
[7.981s] Level 1:colcon.colcon_core.environment:checking '/home/prhayogo/Documents/swerve/install/swerve_controller/bin'
[7.982s] INFO:colcon.colcon_core.shell:Creating package descriptor '/home/prhayogo/Documents/swerve/install/swerve_controller/share/swerve_controller/package.dsv'
[7.983s] INFO:colcon.colcon_core.shell:Creating package script '/home/prhayogo/Documents/swerve/install/swerve_controller/share/swerve_controller/package.sh'
[7.984s] INFO:colcon.colcon_core.shell:Creating package script '/home/prhayogo/Documents/swerve/install/swerve_controller/share/swerve_controller/package.bash'
[7.985s] INFO:colcon.colcon_core.shell:Creating package script '/home/prhayogo/Documents/swerve/install/swerve_controller/share/swerve_controller/package.zsh'
[7.986s] Level 1:colcon.colcon_core.environment:create_file_with_runtime_dependencies(/home/prhayogo/Documents/swerve/install/swerve_controller/share/colcon-core/packages/swerve_controller)
[7.987s] Level 1:colcon.colcon_core.environment:create_environment_scripts_only(swerve_controller)
[7.987s] Level 1:colcon.colcon_core.environment:checking '/home/prhayogo/Documents/swerve/install/swerve_controller' for CMake module files
[7.987s] Level 1:colcon.colcon_core.environment:checking '/home/prhayogo/Documents/swerve/install/swerve_controller' for CMake config files
[7.987s] Level 1:colcon.colcon_core.shell:create_environment_hook('swerve_controller', 'cmake_prefix_path')
[7.988s] INFO:colcon.colcon_core.shell:Creating environment descriptor '/home/prhayogo/Documents/swerve/install/swerve_controller/share/swerve_controller/hook/cmake_prefix_path.dsv'
[7.988s] INFO:colcon.colcon_core.shell:Creating environment hook '/home/prhayogo/Documents/swerve/install/swerve_controller/share/swerve_controller/hook/cmake_prefix_path.sh'
[7.989s] Level 1:colcon.colcon_core.environment:checking '/home/prhayogo/Documents/swerve/install/swerve_controller/lib'
[7.989s] Level 1:colcon.colcon_core.environment:checking '/home/prhayogo/Documents/swerve/install/swerve_controller/bin'
[7.989s] Level 1:colcon.colcon_core.environment:checking '/home/prhayogo/Documents/swerve/install/swerve_controller/lib/pkgconfig/swerve_controller.pc'
[7.989s] Level 1:colcon.colcon_core.environment:checking '/home/prhayogo/Documents/swerve/install/swerve_controller/lib/python3.12/site-packages'
[7.989s] Level 1:colcon.colcon_core.environment:checking '/home/prhayogo/Documents/swerve/install/swerve_controller/bin'
[7.990s] INFO:colcon.colcon_core.shell:Creating package descriptor '/home/prhayogo/Documents/swerve/install/swerve_controller/share/swerve_controller/package.dsv'
[7.990s] INFO:colcon.colcon_core.shell:Creating package script '/home/prhayogo/Documents/swerve/install/swerve_controller/share/swerve_controller/package.sh'
[7.991s] INFO:colcon.colcon_core.shell:Creating package script '/home/prhayogo/Documents/swerve/install/swerve_controller/share/swerve_controller/package.bash'
[7.992s] INFO:colcon.colcon_core.shell:Creating package script '/home/prhayogo/Documents/swerve/install/swerve_controller/share/swerve_controller/package.zsh'
[7.992s] Level 1:colcon.colcon_core.environment:create_file_with_runtime_dependencies(/home/prhayogo/Documents/swerve/install/swerve_controller/share/colcon-core/packages/swerve_controller)
[7.992s] DEBUG:colcon.colcon_parallel_executor.executor.parallel:closing loop
[7.992s] DEBUG:colcon.colcon_parallel_executor.executor.parallel:loop closed
[7.992s] DEBUG:colcon.colcon_parallel_executor.executor.parallel:run_until_complete finished with '0'
[7.992s] DEBUG:colcon.colcon_core.event_reactor:joining thread
[8.009s] INFO:colcon.colcon_core.plugin_system:Skipping extension 'colcon_notification.desktop_notification.terminal_notifier': Not used on non-Darwin systems
[8.009s] INFO:colcon.colcon_core.plugin_system:Skipping extension 'colcon_notification.desktop_notification.win32': Not used on non-Windows systems
[8.009s] INFO:colcon.colcon_notification.desktop_notification:Sending desktop notification using 'notify2'
[8.025s] DEBUG:colcon.colcon_core.event_reactor:joined thread
[8.026s] INFO:colcon.colcon_core.shell:Creating prefix script '/home/prhayogo/Documents/swerve/install/local_setup.sh'
[8.027s] INFO:colcon.colcon_core.shell:Creating prefix util module '/home/prhayogo/Documents/swerve/install/_local_setup_util_sh.py'
[8.028s] INFO:colcon.colcon_core.shell:Creating prefix chain script '/home/prhayogo/Documents/swerve/install/setup.sh'
[8.030s] INFO:colcon.colcon_core.shell:Creating prefix script '/home/prhayogo/Documents/swerve/install/local_setup.bash'
[8.031s] INFO:colcon.colcon_core.shell:Creating prefix chain script '/home/prhayogo/Documents/swerve/install/setup.bash'
[8.032s] INFO:colcon.colcon_core.shell:Creating prefix script '/home/prhayogo/Documents/swerve/install/local_setup.zsh'
[8.033s] INFO:colcon.colcon_core.shell:Creating prefix chain script '/home/prhayogo/Documents/swerve/install/setup.zsh'
