[0.023s] Invoking command in '/home/prhayogo/Documents/swerve/build/swerve_controller': CMAKE_PREFIX_PATH=${CMAKE_PREFIX_PATH}:/home/prhayogo/Documents/maen_ws/install/micro_ros_setup:/home/prhayogo/Documents/maen_ws/install/micro_ros_msgs:/home/prhayogo/Documents/maen_ws/install/drive_base_msgs:/opt/ros/jazzy DEBUGINFOD_URLS=https://debuginfod.ubuntu.com /usr/bin/cmake --build /home/prhayogo/Documents/swerve/build/swerve_controller -- -j16 -l16
[0.106s] -- Found ament_cmake: 2.5.6 (/opt/ros/jazzy/share/ament_cmake/cmake)
[0.322s] -- Found rclcpp: 28.1.18 (/opt/ros/jazzy/share/rclcpp/cmake)
[0.366s] -- Found rosidl_generator_c: 4.6.7 (/opt/ros/jazzy/share/rosidl_generator_c/cmake)
[0.376s] -- Found rosidl_generator_cpp: 4.6.7 (/opt/ros/jazzy/share/rosidl_generator_cpp/cmake)
[0.389s] -- Using all available rosidl_typesupport_c: rosidl_typesupport_fastrtps_c;rosidl_typesupport_introspection_c
[0.403s] -- Using all available rosidl_typesupport_cpp: rosidl_typesupport_fastrtps_cpp;rosidl_typesupport_introspection_cpp
[0.469s] -- Found rmw_implementation_cmake: 7.3.3 (/opt/ros/jazzy/share/rmw_implementation_cmake/cmake)
[0.471s] -- Found rmw_fastrtps_cpp: 8.4.3 (/opt/ros/jazzy/share/rmw_fastrtps_cpp/cmake)
[0.542s] -- Using RMW implementation 'rmw_fastrtps_cpp' as default
[0.609s] -- Found geometry_msgs: 5.3.7 (/opt/ros/jazzy/share/geometry_msgs/cmake)
[0.654s] -- Found nav_msgs: 5.3.7 (/opt/ros/jazzy/share/nav_msgs/cmake)
[0.682s] -- Found ament_lint_auto: 0.17.5 (/opt/ros/jazzy/share/ament_lint_auto/cmake)
[0.774s] -- Added test 'copyright' to check source files copyright and LICENSE
[0.775s] -- Added test 'cppcheck' to perform static code analysis on C / C++ code
[0.775s] -- Configured cppcheck include dirs: 
[0.775s] -- Configured cppcheck exclude dirs and/or files: 
[0.778s] -- Added test 'cpplint' to check C / C++ code against the Google style
[0.778s] -- Configured cpplint exclude dirs and/or files: 
[0.778s] -- Added test 'flake8' to check Python code syntax and style conventions
[0.778s] -- Configured 'flake8' exclude dirs and/or files: 
[0.779s] -- Added test 'lint_cmake' to check CMake code style
[0.779s] -- Added test 'pep257' to check Python code against some of the docstring style conventions in PEP 257
[0.780s] -- Added test 'uncrustify' to check C / C++ code style
[0.780s] -- Configured uncrustify additional arguments: 
[0.780s] -- Added test 'xmllint' to check XML markup files
[0.783s] -- Configuring done (0.7s)
[0.803s] -- Generating done (0.0s)
[0.807s] -- Build files have been written to: /home/prhayogo/Documents/swerve/build/swerve_controller
[0.892s] [ 50%] Building CXX object CMakeFiles/cmd_vel_to_swerve.dir/src/cmd_vel_to_swerve.cpp.o
[9.700s] [100%] Linking CXX executable cmd_vel_to_swerve
[10.164s] [100%] Built target cmd_vel_to_swerve
[10.178s] Invoked command in '/home/prhayogo/Documents/swerve/build/swerve_controller' returned '0': CMAKE_PREFIX_PATH=${CMAKE_PREFIX_PATH}:/home/prhayogo/Documents/maen_ws/install/micro_ros_setup:/home/prhayogo/Documents/maen_ws/install/micro_ros_msgs:/home/prhayogo/Documents/maen_ws/install/drive_base_msgs:/opt/ros/jazzy DEBUGINFOD_URLS=https://debuginfod.ubuntu.com /usr/bin/cmake --build /home/prhayogo/Documents/swerve/build/swerve_controller -- -j16 -l16
[10.192s] Invoking command in '/home/prhayogo/Documents/swerve/build/swerve_controller': CMAKE_PREFIX_PATH=${CMAKE_PREFIX_PATH}:/home/prhayogo/Documents/maen_ws/install/micro_ros_setup:/home/prhayogo/Documents/maen_ws/install/micro_ros_msgs:/home/prhayogo/Documents/maen_ws/install/drive_base_msgs:/opt/ros/jazzy DEBUGINFOD_URLS=https://debuginfod.ubuntu.com /usr/bin/cmake --install /home/prhayogo/Documents/swerve/build/swerve_controller
[10.204s] -- Install configuration: ""
[10.209s] -- Installing: /home/prhayogo/Documents/swerve/install/swerve_controller/lib/swerve_controller/cmd_vel_to_swerve
[10.222s] -- Set non-toolchain portion of runtime path of "/home/prhayogo/Documents/swerve/install/swerve_controller/lib/swerve_controller/cmd_vel_to_swerve" to ""
[10.223s] -- Up-to-date: /home/prhayogo/Documents/swerve/install/swerve_controller/share/swerve_controller/config
[10.223s] -- Up-to-date: /home/prhayogo/Documents/swerve/install/swerve_controller/share/swerve_controller/config/swerve_controllers.yaml
[10.223s] -- Up-to-date: /home/prhayogo/Documents/swerve/install/swerve_controller/share/swerve_controller/launch
[10.224s] -- Installing: /home/prhayogo/Documents/swerve/install/swerve_controller/share/swerve_controller/launch/swerve_launch.py
[10.231s] -- Installing: /home/prhayogo/Documents/swerve/install/swerve_controller/share/ament_index/resource_index/package_run_dependencies/swerve_controller
[10.232s] -- Up-to-date: /home/prhayogo/Documents/swerve/install/swerve_controller/share/ament_index/resource_index/parent_prefix_path/swerve_controller
[10.251s] -- Up-to-date: /home/prhayogo/Documents/swerve/install/swerve_controller/share/swerve_controller/environment/ament_prefix_path.sh
[10.251s] -- Up-to-date: /home/prhayogo/Documents/swerve/install/swerve_controller/share/swerve_controller/environment/ament_prefix_path.dsv
[10.252s] -- Up-to-date: /home/prhayogo/Documents/swerve/install/swerve_controller/share/swerve_controller/environment/path.sh
[10.252s] -- Up-to-date: /home/prhayogo/Documents/swerve/install/swerve_controller/share/swerve_controller/environment/path.dsv
[10.252s] -- Up-to-date: /home/prhayogo/Documents/swerve/install/swerve_controller/share/swerve_controller/local_setup.bash
[10.252s] -- Up-to-date: /home/prhayogo/Documents/swerve/install/swerve_controller/share/swerve_controller/local_setup.sh
[10.252s] -- Up-to-date: /home/prhayogo/Documents/swerve/install/swerve_controller/share/swerve_controller/local_setup.zsh
[10.252s] -- Up-to-date: /home/prhayogo/Documents/swerve/install/swerve_controller/share/swerve_controller/local_setup.dsv
[10.252s] -- Installing: /home/prhayogo/Documents/swerve/install/swerve_controller/share/swerve_controller/package.dsv
[10.256s] -- Up-to-date: /home/prhayogo/Documents/swerve/install/swerve_controller/share/ament_index/resource_index/packages/swerve_controller
[10.257s] -- Up-to-date: /home/prhayogo/Documents/swerve/install/swerve_controller/share/swerve_controller/cmake/swerve_controllerConfig.cmake
[10.257s] -- Up-to-date: /home/prhayogo/Documents/swerve/install/swerve_controller/share/swerve_controller/cmake/swerve_controllerConfig-version.cmake
[10.257s] -- Installing: /home/prhayogo/Documents/swerve/install/swerve_controller/share/swerve_controller/package.xml
[10.263s] Invoked command in '/home/prhayogo/Documents/swerve/build/swerve_controller' returned '0': CMAKE_PREFIX_PATH=${CMAKE_PREFIX_PATH}:/home/prhayogo/Documents/maen_ws/install/micro_ros_setup:/home/prhayogo/Documents/maen_ws/install/micro_ros_msgs:/home/prhayogo/Documents/maen_ws/install/drive_base_msgs:/opt/ros/jazzy DEBUGINFOD_URLS=https://debuginfod.ubuntu.com /usr/bin/cmake --install /home/prhayogo/Documents/swerve/build/swerve_controller
