[0.200s] DEBUG:colcon:Command line arguments: ['/usr/bin/colcon', 'build', '--packages-select', 'swerve_controller']
[0.200s] DEBUG:colcon:Parsed command line arguments: Namespace(log_base=None, log_level=None, verb_name='build', build_base='build', install_base='install', merge_install=False, symlink_install=False, test_result_base=None, continue_on_error=False, executor='parallel', parallel_workers=16, event_handlers=None, ignore_user_meta=False, metas=['./colcon.meta'], base_paths=['.'], packages_ignore=None, packages_ignore_regex=None, paths=None, packages_up_to=None, packages_up_to_regex=None, packages_above=None, packages_above_and_dependencies=None, packages_above_depth=None, packages_select_by_dep=None, packages_skip_by_dep=None, packages_skip_up_to=None, packages_select_build_failed=False, packages_skip_build_finished=False, packages_select_test_failures=False, packages_skip_test_passed=False, packages_select=['swerve_controller'], packages_skip=None, packages_select_regex=None, packages_skip_regex=None, packages_start=None, packages_end=None, cmake_args=None, cmake_target=None, cmake_target_skip_unavailable=False, cmake_clean_cache=False, cmake_clean_first=False, cmake_force_configure=False, ament_cmake_args=None, catkin_cmake_args=None, catkin_skip_building_tests=False, verb_parser=<colcon_defaults.argument_parser.defaults.DefaultArgumentsDecorator object at 0x72de3541c740>, verb_extension=<colcon_core.verb.build.BuildVerb object at 0x72de3556d280>, main=<bound method BuildVerb.main of <colcon_core.verb.build.BuildVerb object at 0x72de3556d280>>)
[0.262s] Level 1:colcon.colcon_core.package_discovery:discover_packages(colcon_meta) check parameters
[0.262s] Level 1:colcon.colcon_core.package_discovery:discover_packages(recursive) check parameters
[0.262s] Level 1:colcon.colcon_core.package_discovery:discover_packages(ignore) check parameters
[0.262s] Level 1:colcon.colcon_core.package_discovery:discover_packages(path) check parameters
[0.262s] Level 1:colcon.colcon_core.package_discovery:discover_packages(colcon_meta) discover
[0.262s] Level 1:colcon.colcon_core.package_discovery:discover_packages(recursive) discover
[0.262s] INFO:colcon.colcon_core.package_discovery:Crawling recursively for packages in '/home/prhayogo/Documents/swerve'
[0.262s] Level 1:colcon.colcon_core.package_identification:_identify(.) by extensions ['ignore', 'ignore_ament_install']
[0.262s] Level 1:colcon.colcon_core.package_identification:_identify(.) by extension 'ignore'
[0.262s] Level 1:colcon.colcon_core.package_identification:_identify(.) by extension 'ignore_ament_install'
[0.262s] Level 1:colcon.colcon_core.package_identification:_identify(.) by extensions ['colcon_pkg']
[0.262s] Level 1:colcon.colcon_core.package_identification:_identify(.) by extension 'colcon_pkg'
[0.262s] Level 1:colcon.colcon_core.package_identification:_identify(.) by extensions ['colcon_meta']
[0.262s] Level 1:colcon.colcon_core.package_identification:_identify(.) by extension 'colcon_meta'
[0.263s] Level 1:colcon.colcon_core.package_identification:_identify(.) by extensions ['ros']
[0.263s] Level 1:colcon.colcon_core.package_identification:_identify(.) by extension 'ros'
[0.304s] Level 1:colcon.colcon_core.package_identification:_identify(.) by extensions ['cmake', 'python']
[0.305s] Level 1:colcon.colcon_core.package_identification:_identify(.) by extension 'cmake'
[0.305s] Level 1:colcon.colcon_core.package_identification:_identify(.) by extension 'python'
[0.305s] Level 1:colcon.colcon_core.package_identification:_identify(.) by extensions ['python_setup_py']
[0.305s] Level 1:colcon.colcon_core.package_identification:_identify(.) by extension 'python_setup_py'
[0.305s] Level 1:colcon.colcon_core.package_identification:_identify(build) by extensions ['ignore', 'ignore_ament_install']
[0.305s] Level 1:colcon.colcon_core.package_identification:_identify(build) by extension 'ignore'
[0.305s] Level 1:colcon.colcon_core.package_identification:_identify(build) ignored
[0.305s] Level 1:colcon.colcon_core.package_identification:_identify(install) by extensions ['ignore', 'ignore_ament_install']
[0.305s] Level 1:colcon.colcon_core.package_identification:_identify(install) by extension 'ignore'
[0.305s] Level 1:colcon.colcon_core.package_identification:_identify(install) ignored
[0.305s] Level 1:colcon.colcon_core.package_identification:_identify(log) by extensions ['ignore', 'ignore_ament_install']
[0.306s] Level 1:colcon.colcon_core.package_identification:_identify(log) by extension 'ignore'
[0.306s] Level 1:colcon.colcon_core.package_identification:_identify(log) ignored
[0.306s] Level 1:colcon.colcon_core.package_identification:_identify(swerve_controller) by extensions ['ignore', 'ignore_ament_install']
[0.306s] Level 1:colcon.colcon_core.package_identification:_identify(swerve_controller) by extension 'ignore'
[0.306s] Level 1:colcon.colcon_core.package_identification:_identify(swerve_controller) by extension 'ignore_ament_install'
[0.306s] Level 1:colcon.colcon_core.package_identification:_identify(swerve_controller) by extensions ['colcon_pkg']
[0.306s] Level 1:colcon.colcon_core.package_identification:_identify(swerve_controller) by extension 'colcon_pkg'
[0.306s] Level 1:colcon.colcon_core.package_identification:_identify(swerve_controller) by extensions ['colcon_meta']
[0.306s] Level 1:colcon.colcon_core.package_identification:_identify(swerve_controller) by extension 'colcon_meta'
[0.306s] Level 1:colcon.colcon_core.package_identification:_identify(swerve_controller) by extensions ['ros']
[0.306s] Level 1:colcon.colcon_core.package_identification:_identify(swerve_controller) by extension 'ros'
[0.314s] DEBUG:colcon.colcon_core.package_identification:Package 'swerve_controller' with type 'ros.ament_cmake' and name 'swerve_controller'
[0.315s] Level 1:colcon.colcon_core.package_discovery:discover_packages(recursive) using defaults
[0.315s] Level 1:colcon.colcon_core.package_discovery:discover_packages(ignore) discover
[0.315s] Level 1:colcon.colcon_core.package_discovery:discover_packages(ignore) using defaults
[0.315s] Level 1:colcon.colcon_core.package_discovery:discover_packages(path) discover
[0.315s] Level 1:colcon.colcon_core.package_discovery:discover_packages(path) using defaults
[0.350s] Level 5:colcon.colcon_core.verb:set package 'swerve_controller' build argument 'cmake_args' from command line to 'None'
[0.350s] Level 5:colcon.colcon_core.verb:set package 'swerve_controller' build argument 'cmake_target' from command line to 'None'
[0.350s] Level 5:colcon.colcon_core.verb:set package 'swerve_controller' build argument 'cmake_target_skip_unavailable' from command line to 'False'
[0.350s] Level 5:colcon.colcon_core.verb:set package 'swerve_controller' build argument 'cmake_clean_cache' from command line to 'False'
[0.350s] Level 5:colcon.colcon_core.verb:set package 'swerve_controller' build argument 'cmake_clean_first' from command line to 'False'
[0.351s] Level 5:colcon.colcon_core.verb:set package 'swerve_controller' build argument 'cmake_force_configure' from command line to 'False'
[0.351s] Level 5:colcon.colcon_core.verb:set package 'swerve_controller' build argument 'ament_cmake_args' from command line to 'None'
[0.351s] Level 5:colcon.colcon_core.verb:set package 'swerve_controller' build argument 'catkin_cmake_args' from command line to 'None'
[0.351s] Level 5:colcon.colcon_core.verb:set package 'swerve_controller' build argument 'catkin_skip_building_tests' from command line to 'False'
[0.351s] DEBUG:colcon.colcon_core.verb:Building package 'swerve_controller' with the following arguments: {'ament_cmake_args': None, 'build_base': '/home/prhayogo/Documents/swerve/build/swerve_controller', 'catkin_cmake_args': None, 'catkin_skip_building_tests': False, 'cmake_args': None, 'cmake_clean_cache': False, 'cmake_clean_first': False, 'cmake_force_configure': False, 'cmake_target': None, 'cmake_target_skip_unavailable': False, 'install_base': '/home/prhayogo/Documents/swerve/install/swerve_controller', 'merge_install': False, 'path': '/home/prhayogo/Documents/swerve/swerve_controller', 'symlink_install': False, 'test_result_base': None}
[0.351s] INFO:colcon.colcon_core.executor:Executing jobs using 'parallel' executor
[0.352s] DEBUG:colcon.colcon_parallel_executor.executor.parallel:run_until_complete
[0.352s] INFO:colcon.colcon_ros.task.ament_cmake.build:Building ROS package in '/home/prhayogo/Documents/swerve/swerve_controller' with build type 'ament_cmake'
[0.352s] INFO:colcon.colcon_cmake.task.cmake.build:Building CMake package in '/home/prhayogo/Documents/swerve/swerve_controller'
[0.358s] INFO:colcon.colcon_core.plugin_system:Skipping extension 'colcon_core.shell.bat': Not used on non-Windows systems
[0.358s] DEBUG:colcon.colcon_core.shell:Skip shell extension 'dsv' for command environment
[0.375s] DEBUG:colcon.colcon_core.event_handler.log_command:Invoking command in '/home/prhayogo/Documents/swerve/build/swerve_controller': CMAKE_PREFIX_PATH=${CMAKE_PREFIX_PATH}:/opt/ros/jazzy DEBUGINFOD_URLS=https://debuginfod.ubuntu.com /usr/bin/cmake --build /home/prhayogo/Documents/swerve/build/swerve_controller -- -j16 -l16
[12.725s] DEBUG:colcon.colcon_core.event_handler.log_command:Invoked command in '/home/prhayogo/Documents/swerve/build/swerve_controller' returned '0': CMAKE_PREFIX_PATH=${CMAKE_PREFIX_PATH}:/opt/ros/jazzy DEBUGINFOD_URLS=https://debuginfod.ubuntu.com /usr/bin/cmake --build /home/prhayogo/Documents/swerve/build/swerve_controller -- -j16 -l16
[12.742s] DEBUG:colcon.colcon_core.event_handler.log_command:Invoking command in '/home/prhayogo/Documents/swerve/build/swerve_controller': CMAKE_PREFIX_PATH=${CMAKE_PREFIX_PATH}:/opt/ros/jazzy DEBUGINFOD_URLS=https://debuginfod.ubuntu.com /usr/bin/cmake --install /home/prhayogo/Documents/swerve/build/swerve_controller
[12.778s] Level 1:colcon.colcon_core.environment:create_environment_scripts_only(swerve_controller)
[12.778s] DEBUG:colcon.colcon_core.event_handler.log_command:Invoked command in '/home/prhayogo/Documents/swerve/build/swerve_controller' returned '0': CMAKE_PREFIX_PATH=${CMAKE_PREFIX_PATH}:/opt/ros/jazzy DEBUGINFOD_URLS=https://debuginfod.ubuntu.com /usr/bin/cmake --install /home/prhayogo/Documents/swerve/build/swerve_controller
[12.788s] Level 1:colcon.colcon_core.environment:checking '/home/prhayogo/Documents/swerve/install/swerve_controller' for CMake module files
[12.789s] Level 1:colcon.colcon_core.environment:checking '/home/prhayogo/Documents/swerve/install/swerve_controller' for CMake config files
[12.789s] Level 1:colcon.colcon_core.shell:create_environment_hook('swerve_controller', 'cmake_prefix_path')
[12.790s] INFO:colcon.colcon_core.shell:Creating environment descriptor '/home/prhayogo/Documents/swerve/install/swerve_controller/share/swerve_controller/hook/cmake_prefix_path.dsv'
[12.791s] INFO:colcon.colcon_core.shell:Creating environment hook '/home/prhayogo/Documents/swerve/install/swerve_controller/share/swerve_controller/hook/cmake_prefix_path.sh'
[12.792s] Level 1:colcon.colcon_core.environment:checking '/home/prhayogo/Documents/swerve/install/swerve_controller/lib'
[12.792s] Level 1:colcon.colcon_core.environment:checking '/home/prhayogo/Documents/swerve/install/swerve_controller/bin'
[12.792s] Level 1:colcon.colcon_core.environment:checking '/home/prhayogo/Documents/swerve/install/swerve_controller/lib/pkgconfig/swerve_controller.pc'
[12.797s] Level 1:colcon.colcon_core.environment:checking '/home/prhayogo/Documents/swerve/install/swerve_controller/lib/python3.12/site-packages'
[12.797s] Level 1:colcon.colcon_core.environment:checking '/home/prhayogo/Documents/swerve/install/swerve_controller/bin'
[12.798s] INFO:colcon.colcon_core.shell:Creating package descriptor '/home/prhayogo/Documents/swerve/install/swerve_controller/share/swerve_controller/package.dsv'
[12.799s] INFO:colcon.colcon_core.shell:Creating package script '/home/prhayogo/Documents/swerve/install/swerve_controller/share/swerve_controller/package.sh'
[12.800s] INFO:colcon.colcon_core.shell:Creating package script '/home/prhayogo/Documents/swerve/install/swerve_controller/share/swerve_controller/package.bash'
[12.801s] INFO:colcon.colcon_core.shell:Creating package script '/home/prhayogo/Documents/swerve/install/swerve_controller/share/swerve_controller/package.zsh'
[12.802s] Level 1:colcon.colcon_core.environment:create_file_with_runtime_dependencies(/home/prhayogo/Documents/swerve/install/swerve_controller/share/colcon-core/packages/swerve_controller)
[12.803s] Level 1:colcon.colcon_core.environment:create_environment_scripts_only(swerve_controller)
[12.803s] Level 1:colcon.colcon_core.environment:checking '/home/prhayogo/Documents/swerve/install/swerve_controller' for CMake module files
[12.804s] Level 1:colcon.colcon_core.environment:checking '/home/prhayogo/Documents/swerve/install/swerve_controller' for CMake config files
[12.804s] Level 1:colcon.colcon_core.shell:create_environment_hook('swerve_controller', 'cmake_prefix_path')
[12.804s] INFO:colcon.colcon_core.shell:Creating environment descriptor '/home/prhayogo/Documents/swerve/install/swerve_controller/share/swerve_controller/hook/cmake_prefix_path.dsv'
[12.804s] INFO:colcon.colcon_core.shell:Creating environment hook '/home/prhayogo/Documents/swerve/install/swerve_controller/share/swerve_controller/hook/cmake_prefix_path.sh'
[12.805s] Level 1:colcon.colcon_core.environment:checking '/home/prhayogo/Documents/swerve/install/swerve_controller/lib'
[12.805s] Level 1:colcon.colcon_core.environment:checking '/home/prhayogo/Documents/swerve/install/swerve_controller/bin'
[12.805s] Level 1:colcon.colcon_core.environment:checking '/home/prhayogo/Documents/swerve/install/swerve_controller/lib/pkgconfig/swerve_controller.pc'
[12.805s] Level 1:colcon.colcon_core.environment:checking '/home/prhayogo/Documents/swerve/install/swerve_controller/lib/python3.12/site-packages'
[12.805s] Level 1:colcon.colcon_core.environment:checking '/home/prhayogo/Documents/swerve/install/swerve_controller/bin'
[12.806s] INFO:colcon.colcon_core.shell:Creating package descriptor '/home/prhayogo/Documents/swerve/install/swerve_controller/share/swerve_controller/package.dsv'
[12.806s] INFO:colcon.colcon_core.shell:Creating package script '/home/prhayogo/Documents/swerve/install/swerve_controller/share/swerve_controller/package.sh'
[12.806s] INFO:colcon.colcon_core.shell:Creating package script '/home/prhayogo/Documents/swerve/install/swerve_controller/share/swerve_controller/package.bash'
[12.807s] INFO:colcon.colcon_core.shell:Creating package script '/home/prhayogo/Documents/swerve/install/swerve_controller/share/swerve_controller/package.zsh'
[12.807s] Level 1:colcon.colcon_core.environment:create_file_with_runtime_dependencies(/home/prhayogo/Documents/swerve/install/swerve_controller/share/colcon-core/packages/swerve_controller)
[12.807s] DEBUG:colcon.colcon_parallel_executor.executor.parallel:closing loop
[12.807s] DEBUG:colcon.colcon_parallel_executor.executor.parallel:loop closed
[12.807s] DEBUG:colcon.colcon_parallel_executor.executor.parallel:run_until_complete finished with '0'
[12.807s] DEBUG:colcon.colcon_core.event_reactor:joining thread
[12.826s] INFO:colcon.colcon_core.plugin_system:Skipping extension 'colcon_notification.desktop_notification.terminal_notifier': Not used on non-Darwin systems
[12.827s] INFO:colcon.colcon_core.plugin_system:Skipping extension 'colcon_notification.desktop_notification.win32': Not used on non-Windows systems
[12.827s] INFO:colcon.colcon_notification.desktop_notification:Sending desktop notification using 'notify2'
[12.889s] DEBUG:colcon.colcon_core.event_reactor:joined thread
[12.890s] INFO:colcon.colcon_core.shell:Creating prefix script '/home/prhayogo/Documents/swerve/install/local_setup.sh'
[12.890s] INFO:colcon.colcon_core.shell:Creating prefix util module '/home/prhayogo/Documents/swerve/install/_local_setup_util_sh.py'
[12.892s] INFO:colcon.colcon_core.shell:Creating prefix chain script '/home/prhayogo/Documents/swerve/install/setup.sh'
[12.895s] INFO:colcon.colcon_core.shell:Creating prefix script '/home/prhayogo/Documents/swerve/install/local_setup.bash'
[12.897s] INFO:colcon.colcon_core.shell:Creating prefix chain script '/home/prhayogo/Documents/swerve/install/setup.bash'
[12.898s] INFO:colcon.colcon_core.shell:Creating prefix script '/home/prhayogo/Documents/swerve/install/local_setup.zsh'
[12.899s] INFO:colcon.colcon_core.shell:Creating prefix chain script '/home/prhayogo/Documents/swerve/install/setup.zsh'
