[0.011s] Invoking command in '/home/prhayogo/Documents/swerve/build/swerve_controller': CMAKE_PREFIX_PATH=${CMAKE_PREFIX_PATH}:/home/prhayogo/Documents/maen_ws/install/micro_ros_setup:/home/prhayogo/Documents/maen_ws/install/micro_ros_msgs:/home/prhayogo/Documents/maen_ws/install/drive_base_msgs:/opt/ros/jazzy DEBUGINFOD_URLS=https://debuginfod.ubuntu.com /usr/bin/cmake --build /home/prhayogo/Documents/swerve/build/swerve_controller -- -j16 -l16
[0.088s] [ 50%] [32mBuilding CXX object CMakeFiles/cmd_vel_to_swerve.dir/src/cmd_vel_to_swerve.cpp.o[0m
[6.968s] [100%] [32m[1mLinking CXX executable cmd_vel_to_swerve[0m
[7.291s] [100%] Built target cmd_vel_to_swerve
[7.312s] Invoked command in '/home/prhayogo/Documents/swerve/build/swerve_controller' returned '0': CMAKE_PREFIX_PATH=${CMAKE_PREFIX_PATH}:/home/prhayogo/Documents/maen_ws/install/micro_ros_setup:/home/prhayogo/Documents/maen_ws/install/micro_ros_msgs:/home/prhayogo/Documents/maen_ws/install/drive_base_msgs:/opt/ros/jazzy DEBUGINFOD_URLS=https://debuginfod.ubuntu.com /usr/bin/cmake --build /home/prhayogo/Documents/swerve/build/swerve_controller -- -j16 -l16
[7.329s] Invoking command in '/home/prhayogo/Documents/swerve/build/swerve_controller': CMAKE_PREFIX_PATH=${CMAKE_PREFIX_PATH}:/home/prhayogo/Documents/maen_ws/install/micro_ros_setup:/home/prhayogo/Documents/maen_ws/install/micro_ros_msgs:/home/prhayogo/Documents/maen_ws/install/drive_base_msgs:/opt/ros/jazzy DEBUGINFOD_URLS=https://debuginfod.ubuntu.com /usr/bin/cmake --install /home/prhayogo/Documents/swerve/build/swerve_controller
[7.341s] -- Install configuration: ""
[7.342s] -- Installing: /home/prhayogo/Documents/swerve/install/swerve_controller/lib/swerve_controller/cmd_vel_to_swerve
[7.350s] -- Set non-toolchain portion of runtime path of "/home/prhayogo/Documents/swerve/install/swerve_controller/lib/swerve_controller/cmd_vel_to_swerve" to ""
[7.350s] -- Up-to-date: /home/prhayogo/Documents/swerve/install/swerve_controller/share/swerve_controller/config
[7.350s] -- Up-to-date: /home/prhayogo/Documents/swerve/install/swerve_controller/share/swerve_controller/config/swerve_controllers.yaml
[7.351s] -- Up-to-date: /home/prhayogo/Documents/swerve/install/swerve_controller/share/swerve_controller/launch
[7.351s] -- Up-to-date: /home/prhayogo/Documents/swerve/install/swerve_controller/share/swerve_controller/launch/swerve_launch.py
[7.351s] -- Up-to-date: /home/prhayogo/Documents/swerve/install/swerve_controller/share/ament_index/resource_index/package_run_dependencies/swerve_controller
[7.351s] -- Up-to-date: /home/prhayogo/Documents/swerve/install/swerve_controller/share/ament_index/resource_index/parent_prefix_path/swerve_controller
[7.351s] -- Up-to-date: /home/prhayogo/Documents/swerve/install/swerve_controller/share/swerve_controller/environment/ament_prefix_path.sh
[7.351s] -- Up-to-date: /home/prhayogo/Documents/swerve/install/swerve_controller/share/swerve_controller/environment/ament_prefix_path.dsv
[7.351s] -- Up-to-date: /home/prhayogo/Documents/swerve/install/swerve_controller/share/swerve_controller/environment/path.sh
[7.351s] -- Up-to-date: /home/prhayogo/Documents/swerve/install/swerve_controller/share/swerve_controller/environment/path.dsv
[7.351s] -- Up-to-date: /home/prhayogo/Documents/swerve/install/swerve_controller/share/swerve_controller/local_setup.bash
[7.352s] -- Up-to-date: /home/prhayogo/Documents/swerve/install/swerve_controller/share/swerve_controller/local_setup.sh
[7.352s] -- Up-to-date: /home/prhayogo/Documents/swerve/install/swerve_controller/share/swerve_controller/local_setup.zsh
[7.352s] -- Up-to-date: /home/prhayogo/Documents/swerve/install/swerve_controller/share/swerve_controller/local_setup.dsv
[7.352s] -- Installing: /home/prhayogo/Documents/swerve/install/swerve_controller/share/swerve_controller/package.dsv
[7.352s] -- Up-to-date: /home/prhayogo/Documents/swerve/install/swerve_controller/share/ament_index/resource_index/packages/swerve_controller
[7.352s] -- Up-to-date: /home/prhayogo/Documents/swerve/install/swerve_controller/share/swerve_controller/cmake/swerve_controllerConfig.cmake
[7.352s] -- Up-to-date: /home/prhayogo/Documents/swerve/install/swerve_controller/share/swerve_controller/cmake/swerve_controllerConfig-version.cmake
[7.352s] -- Up-to-date: /home/prhayogo/Documents/swerve/install/swerve_controller/share/swerve_controller/package.xml
[7.354s] Invoked command in '/home/prhayogo/Documents/swerve/build/swerve_controller' returned '0': CMAKE_PREFIX_PATH=${CMAKE_PREFIX_PATH}:/home/prhayogo/Documents/maen_ws/install/micro_ros_setup:/home/prhayogo/Documents/maen_ws/install/micro_ros_msgs:/home/prhayogo/Documents/maen_ws/install/drive_base_msgs:/opt/ros/jazzy DEBUGINFOD_URLS=https://debuginfod.ubuntu.com /usr/bin/cmake --install /home/prhayogo/Documents/swerve/build/swerve_controller
